Build started 2016-08-22 오전 11:23:01.
     1>Project "C:\Users\samsung\Documents\GitHub\openvx_apps\openvx_sample-1.0.1\build\Win\x64\kernels\c_model\openvx-c_model-lib.vcxproj" on node 5 (Build target(s)).
     1>Lib:
         C:\Program Files (x86)\Microsoft Visual Studio 12.0\VC\bin\x86_amd64\Lib.exe /OUT:"C:\Users\samsung\Desktop\vision\openvx_sample-1.0.1\build\Win\x64\kernels\c_model\Debug\openvx-c_model-lib.lib" /NOLOGO /MACHINE:X64  /machine:x64 "openvx-c_model-lib.dir\Debug\c_absdiff.obj"
         "openvx-c_model-lib.dir\Debug\c_accumulate.obj"
         "openvx-c_model-lib.dir\Debug\c_addsub.obj"
         "openvx-c_model-lib.dir\Debug\c_bitwise.obj"
         "openvx-c_model-lib.dir\Debug\c_channel.obj"
         "openvx-c_model-lib.dir\Debug\c_conv3x3.obj"
         "openvx-c_model-lib.dir\Debug\c_convertcolor.obj"
         "openvx-c_model-lib.dir\Debug\c_convertdepth.obj"
         "openvx-c_model-lib.dir\Debug\c_convolve.obj"
         "openvx-c_model-lib.dir\Debug\c_fast9.obj"
         "openvx-c_model-lib.dir\Debug\c_filter.obj"
         "openvx-c_model-lib.dir\Debug\c_histogram.obj"
         "openvx-c_model-lib.dir\Debug\c_integralimage.obj"
         "openvx-c_model-lib.dir\Debug\c_lut.obj"
         "openvx-c_model-lib.dir\Debug\c_magnitude.obj"
         "openvx-c_model-lib.dir\Debug\c_morphology.obj"
         "openvx-c_model-lib.dir\Debug\c_multiply.obj"
         "openvx-c_model-lib.dir\Debug\c_optpyrlk.obj"
         "openvx-c_model-lib.dir\Debug\c_phase.obj"
         "openvx-c_model-lib.dir\Debug\c_scale.obj"
         "openvx-c_model-lib.dir\Debug\c_sobel3x3.obj"
         "openvx-c_model-lib.dir\Debug\c_statistics.obj"
         "openvx-c_model-lib.dir\Debug\c_threshold.obj"
         "openvx-c_model-lib.dir\Debug\c_warp.obj"
         openvx-c_model-lib.vcxproj -> C:\Users\samsung\Desktop\vision\openvx_sample-1.0.1\build\Win\x64\kernels\c_model\Debug\openvx-c_model-lib.lib
     1>Done Building Project "C:\Users\samsung\Documents\GitHub\openvx_apps\openvx_sample-1.0.1\build\Win\x64\kernels\c_model\openvx-c_model-lib.vcxproj" (Build target(s)).

Build succeeded.

Time Elapsed 00:00:00.69
