Build started 2016-08-22 오전 11:23:59.
     1>Project "C:\Users\samsung\Documents\GitHub\openvx_apps\openvx_sample-1.0.1\build\Win\x64\INSTALL.vcxproj" on node 4 (Build target(s)).
     1>PostBuildEvent:
         setlocal
         "C:\Program Files\CMake\bin\cmake.exe" -DBUILD_TYPE=Debug -P cmake_install.cmake
         if %errorlevel% neq 0 goto :cmEnd
         :cmEnd
         endlocal & call :cmErrorLevel %errorlevel% & goto :cmDone
         :cmErrorLevel
         exit /b %1
         :cmDone
         if %errorlevel% neq 0 goto :VCEnd
         :VCEnd
         -- Install configuration: "Debug"
         -- Installing: C:/Users/samsung/Desktop/vision/openvx_sample-1.0.1/install/Win/x64/Debug/bin/vx_debug.lib
         -- Installing: C:/Users/samsung/Desktop/vision/openvx_sample-1.0.1/install/Win/x64/Debug/bin/vx_xyz_lib.lib
         -- Installing: C:/Users/samsung/Desktop/vision/openvx_sample-1.0.1/install/Win/x64/Debug/bin/xyz.lib
         -- Installing: C:/Users/samsung/Desktop/vision/openvx_sample-1.0.1/install/Win/x64/Debug/bin/xyz.dll
         -- Installing: C:/Users/samsung/Desktop/vision/openvx_sample-1.0.1/install/Win/x64/Debug/bin/vx_example.exe
         -- Installing: C:/Users/samsung/Desktop/vision/openvx_sample-1.0.1/install/Win/x64/Debug/bin/vx_example_code.lib
         -- Installing: C:/Users/samsung/Desktop/vision/openvx_sample-1.0.1/install/Win/x64/Debug/bin/openvx-helper.lib
         -- Installing: C:/Users/samsung/Desktop/vision/openvx_sample-1.0.1/install/Win/x64/Debug/bin/openvx-c_model-lib.lib
         -- Installing: C:/Users/samsung/Desktop/vision/openvx_sample-1.0.1/install/Win/x64/Debug/bin/openvx-debug_k-lib.lib
         -- Installing: C:/Users/samsung/Desktop/vision/openvx_sample-1.0.1/install/Win/x64/Debug/bin/openvx-extras_k-lib.lib
         -- Installing: C:/Users/samsung/Desktop/vision/openvx_sample-1.0.1/install/Win/x64/Debug/bin/openvx-debug-lib.lib
         -- Installing: C:/Users/samsung/Desktop/vision/openvx_sample-1.0.1/install/Win/x64/Debug/bin/openvx-debug.lib
         -- Installing: C:/Users/samsung/Desktop/vision/openvx_sample-1.0.1/install/Win/x64/Debug/bin/openvx-debug.dll
         -- Installing: C:/Users/samsung/Desktop/vision/openvx_sample-1.0.1/install/Win/x64/Debug/bin/openvx-extras-lib.lib
         -- Installing: C:/Users/samsung/Desktop/vision/openvx_sample-1.0.1/install/Win/x64/Debug/bin/openvx-extras.lib
         -- Installing: C:/Users/samsung/Desktop/vision/openvx_sample-1.0.1/install/Win/x64/Debug/bin/openvx-extras.dll
         -- Installing: C:/Users/samsung/Desktop/vision/openvx_sample-1.0.1/install/Win/x64/Debug/lib/openvx.lib
         -- Installing: C:/Users/samsung/Desktop/vision/openvx_sample-1.0.1/install/Win/x64/Debug/bin/openvx.dll
         -- Installing: C:/Users/samsung/Desktop/vision/openvx_sample-1.0.1/install/Win/x64/Debug/lib/openvx-c_model.lib
         -- Installing: C:/Users/samsung/Desktop/vision/openvx_sample-1.0.1/install/Win/x64/Debug/bin/openvx-c_model.dll
         -- Installing: C:/Users/samsung/Desktop/vision/openvx_sample-1.0.1/install/Win/x64/Debug/bin/with_graph.exe
         -- Installing: C:/Users/samsung/Desktop/vision/openvx_sample-1.0.1/install/Win/x64/Debug/bin/vx_test.exe
         -- Installing: C:/Users/samsung/Desktop/vision/openvx_sample-1.0.1/install/Win/x64/Debug/lib/vxu.lib
         -- Installing: C:/Users/samsung/Desktop/vision/openvx_sample-1.0.1/install/Win/x64/Debug/bin/vxu.dll
         -- Installing: C:/Users/samsung/Desktop/vision/openvx_sample-1.0.1/install/Win/x64/Debug/bin/pgm2hdr.exe
         -- Installing: C:/Users/samsung/Desktop/vision/openvx_sample-1.0.1/install/Win/x64/Debug/bin/vx_query.exe
         -- Up-to-date: C:/Users/samsung/Desktop/vision/openvx_sample-1.0.1/install/Win/x64/Debug/include/VX
         -- Up-to-date: C:/Users/samsung/Desktop/vision/openvx_sample-1.0.1/install/Win/x64/Debug/include/VX/vx.h
         -- Up-to-date: C:/Users/samsung/Desktop/vision/openvx_sample-1.0.1/install/Win/x64/Debug/include/VX/vxu.h
         -- Up-to-date: C:/Users/samsung/Desktop/vision/openvx_sample-1.0.1/install/Win/x64/Debug/include/VX/vx_api.h
         -- Up-to-date: C:/Users/samsung/Desktop/vision/openvx_sample-1.0.1/install/Win/x64/Debug/include/VX/vx_ext_target.h
         -- Up-to-date: C:/Users/samsung/Desktop/vision/openvx_sample-1.0.1/install/Win/x64/Debug/include/VX/vx_helper.h
         -- Up-to-date: C:/Users/samsung/Desktop/vision/openvx_sample-1.0.1/install/Win/x64/Debug/include/VX/vx_kernels.h
         -- Up-to-date: C:/Users/samsung/Desktop/vision/openvx_sample-1.0.1/install/Win/x64/Debug/include/VX/vx_khr_dot.h
         -- Up-to-date: C:/Users/samsung/Desktop/vision/openvx_sample-1.0.1/install/Win/x64/Debug/include/VX/vx_khr_interp.h
         -- Up-to-date: C:/Users/samsung/Desktop/vision/openvx_sample-1.0.1/install/Win/x64/Debug/include/VX/vx_khr_node_memory.h
         -- Up-to-date: C:/Users/samsung/Desktop/vision/openvx_sample-1.0.1/install/Win/x64/Debug/include/VX/vx_khr_opencl.h
         -- Up-to-date: C:/Users/samsung/Desktop/vision/openvx_sample-1.0.1/install/Win/x64/Debug/include/VX/vx_khr_tiling.h
         -- Up-to-date: C:/Users/samsung/Desktop/vision/openvx_sample-1.0.1/install/Win/x64/Debug/include/VX/vx_khr_variants.h
         -- Up-to-date: C:/Users/samsung/Desktop/vision/openvx_sample-1.0.1/install/Win/x64/Debug/include/VX/vx_khr_xml.h
         -- Up-to-date: C:/Users/samsung/Desktop/vision/openvx_sample-1.0.1/install/Win/x64/Debug/include/VX/vx_lib_debug.h
         -- Up-to-date: C:/Users/samsung/Desktop/vision/openvx_sample-1.0.1/install/Win/x64/Debug/include/VX/vx_lib_extras.h
         -- Up-to-date: C:/Users/samsung/Desktop/vision/openvx_sample-1.0.1/install/Win/x64/Debug/include/VX/vx_lib_xyz.h
         -- Up-to-date: C:/Users/samsung/Desktop/vision/openvx_sample-1.0.1/install/Win/x64/Debug/include/VX/vx_nodes.h
         -- Up-to-date: C:/Users/samsung/Desktop/vision/openvx_sample-1.0.1/install/Win/x64/Debug/include/VX/vx_types.h
         -- Up-to-date: C:/Users/samsung/Desktop/vision/openvx_sample-1.0.1/install/Win/x64/Debug/include/VX/vx_vendors.h
     1>Done Building Project "C:\Users\samsung\Documents\GitHub\openvx_apps\openvx_sample-1.0.1\build\Win\x64\INSTALL.vcxproj" (Build target(s)).

Build succeeded.

Time Elapsed 00:00:00.95
