Build started 2016-08-22 오전 11:23:00.
     1>Project "C:\Users\samsung\Documents\GitHub\openvx_apps\openvx_sample-1.0.1\build\Win\x64\examples\vx_example_code.vcxproj" on node 4 (Build target(s)).
     1>Lib:
         C:\Program Files (x86)\Microsoft Visual Studio 12.0\VC\bin\x86_amd64\Lib.exe /OUT:"C:\Users\samsung\Desktop\vision\openvx_sample-1.0.1\build\Win\x64\examples\Debug\vx_example_code.lib" /NOLOGO /MACHINE:X64  /machine:x64 vx_example_code.dir\Debug\vx_imagepatch.obj
         vx_example_code.dir\Debug\vx_delaygraph.obj
         vx_example_code.dir\Debug\vx_super_res.obj
         vx_example_code.dir\Debug\vx_independent.obj
         vx_example_code.dir\Debug\vx_matrix_access.obj
         vx_example_code.dir\Debug\vx_parameters.obj
         vx_example_code.dir\Debug\vx_kernels.obj
         vx_example_code.dir\Debug\vx_single_node_graph.obj
         vx_example_code.dir\Debug\vx_introspection.obj
         vx_example_code.dir\Debug\vx_multi_node_graph.obj
         vx_example_code.dir\Debug\vx_convolution.obj
         vx_example_code.dir\Debug\vx_warps.obj
         vx_example_code.dir\Debug\vx_callback.obj
         vx_example_code.dir\Debug\vx_extensions.obj
         vx_example_code.vcxproj -> C:\Users\samsung\Desktop\vision\openvx_sample-1.0.1\build\Win\x64\examples\Debug\vx_example_code.lib
     1>Done Building Project "C:\Users\samsung\Documents\GitHub\openvx_apps\openvx_sample-1.0.1\build\Win\x64\examples\vx_example_code.vcxproj" (Build target(s)).

Build succeeded.

Time Elapsed 00:00:00.25
